<?xml version="1.0" encoding="UTF-8"?>
<!-- Generated by org.testng.reporters.JUnitReportReporter -->
<testsuite hostname="LAPTOP-0M17UIVA" failures="0" tests="3" name="testng.parameterization.ParameterizationWithExcelData" time="23.584" errors="0" timestamp="2025-08-11T20:30:56 IST" skipped="0">
  <testcase classname="testng.parameterization.ParameterizationWithExcelData" name="verifyNeedOfParameterization" time="7.789"/>
  <testcase classname="testng.parameterization.ParameterizationWithExcelData" name="verifyNeedOfParameterization" time="8.158"/>
  <testcase classname="testng.parameterization.ParameterizationWithExcelData" name="verifyNeedOfParameterization" time="7.637"/>
</testsuite> <!-- testng.parameterization.ParameterizationWithExcelData -->
